#
# A fatal error has been detected by the Java Runtime Environment:
#
#  EXCEPTION_ACCESS_VIOLATION (0xc0000005) at pc=0x000000005142c457, pid=24964, tid=0x0000000000001c60
#
# JRE version: Java(TM) SE Runtime Environment (8.0_201-b09) (build 1.8.0_201-b09)
# Java VM: Java HotSpot(TM) 64-Bit Server VM (25.201-b09 mixed mode windows-amd64 compressed oops)
# Problematic frame:
# V  [jvm.dll+0x41c457]
#
# Failed to write core dump. Minidumps are not enabled by default on client versions of Windows
#
# If you would like to submit a bug report, please visit:
#   http://bugreport.java.com/bugreport/crash.jsp
#

---------------  T H R E A D  ---------------

Current thread (0x000000001aea0000):  JavaThread "C1 CompilerThread2" daemon [_thread_in_native, id=7264, stack(0x000000001b520000,0x000000001b620000)]

siginfo: ExceptionCode=0xc0000005, reading address 0x0000000000000080

Registers:
RAX=0x0000000000000068, RBX=0x000000001b61f160, RCX=0x0000000000000000, RDX=0x000000001dee3670
RSP=0x000000001b61ee20, RBP=0x000000001b61ee89, RSI=0x000000001dee3670, RDI=0x000000001b61f160
R8 =0x00000000000000b3, R9 =0xffffffffe45ddff0, R10=0x0000000000000000, R11=0x000000001ded67f0
R12=0x00000000000000b3, R13=0x000000001ba21ef0, R14=0x0000000000000000, R15=0x0000000000000000
RIP=0x000000005142c457, EFLAGS=0x0000000000010202

Top of Stack: (sp=0x000000001b61ee20)
0x000000001b61ee20:   000000001b61f160 0000000000000000
0x000000001b61ee30:   000000001da0c580 0000000000000003
0x000000001b61ee40:   0000000000000000 000000001aed3090
0x000000001b61ee50:   0000000000000000 0000000051426e31
0x000000001b61ee60:   0000000000000000 0000000000000000
0x000000001b61ee70:   00000000000000a7 000000001dee48ab
0x000000001b61ee80:   000000001b61f160 0000000000000001
0x000000001b61ee90:   000000001e067210 0000000051436629
0x000000001b61eea0:   000000001e067210 0000000000000000
0x000000001b61eeb0:   0000000000000000 00000000000000b3
0x000000001b61eec0:   0000000000000001 000000001b61f160
0x000000001b61eed0:   0000000000000000 000000001dee48b6
0x000000001b61eee0:   000000001b61ef60 0000000051432bc7
0x000000001b61eef0:   000000001dee4800 0000000000000000
0x000000001b61ef00:   000000001e067210 000000001e067210
0x000000001b61ef10:   000000001dee3720 000000001dee3670 

Instructions: (pc=0x000000005142c457)
0x000000005142c437:   8d 55 67 e8 31 9c c2 ff 4c 8b e8 48 8b 70 08 48
0x000000005142c447:   8b 40 20 48 85 c0 75 08 49 8b cd e8 69 5e c1 ff
0x000000005142c457:   8b 48 18 e8 b1 6c 03 00 48 83 7e 10 00 48 89 45
0x000000005142c467:   d7 75 0d 48 8b 16 48 8b ce ff 52 20 84 c0 74 23 


Register to memory mapping:

RAX=0x0000000000000068 is an unknown value
RBX=0x000000001b61f160 is pointing into the stack for thread: 0x000000001aea0000
RCX=0x0000000000000000 is an unknown value
RDX=0x000000001dee3670 is an unknown value
RSP=0x000000001b61ee20 is pointing into the stack for thread: 0x000000001aea0000
RBP=0x000000001b61ee89 is pointing into the stack for thread: 0x000000001aea0000
RSI=0x000000001dee3670 is an unknown value
RDI=0x000000001b61f160 is pointing into the stack for thread: 0x000000001aea0000
R8 =0x00000000000000b3 is an unknown value
R9 =0xffffffffe45ddff0 is an unknown value
R10=0x0000000000000000 is an unknown value
R11=0x000000001ded67f0 is an unknown value
R12=0x00000000000000b3 is an unknown value
R13=0x000000001ba21ef0 is an unknown value
R14=0x0000000000000000 is an unknown value
R15=0x0000000000000000 is an unknown value


Stack: [0x000000001b520000,0x000000001b620000],  sp=0x000000001b61ee20,  free space=1019k
Native frames: (J=compiled Java code, j=interpreted, Vv=VM code, C=native code)
V  [jvm.dll+0x41c457]
V  [jvm.dll+0x422bc7]
V  [jvm.dll+0x4234cd]
V  [jvm.dll+0x4238c2]
V  [jvm.dll+0x4289e5]
V  [jvm.dll+0x428af0]
V  [jvm.dll+0x412038]
V  [jvm.dll+0x4122a1]
V  [jvm.dll+0x412462]
V  [jvm.dll+0x412631]
V  [jvm.dll+0x41283f]
V  [jvm.dll+0xa6b42]
V  [jvm.dll+0xa748f]
V  [jvm.dll+0x24656f]
V  [jvm.dll+0x29fb6a]
C  [msvcr100.dll+0x21db7]
C  [msvcr100.dll+0x21e53]
C  [KERNEL32.DLL+0x11fe4]
C  [ntdll.dll+0x6cb81]


Current CompileTask:
C1: 804332 4764       1       java.text.SimpleDateFormat::subFormat (1260 bytes)


---------------  P R O C E S S  ---------------

Java Threads: ( => current thread )
  0x000000001dc50800 JavaThread "HikariPool-1 housekeeper" daemon [_thread_blocked, id=39924, stack(0x0000000020f20000,0x0000000021020000)]
  0x000000001dc4e000 JavaThread "DestroyJavaVM" [_thread_blocked, id=31712, stack(0x0000000002ec0000,0x0000000002fc0000)]
  0x000000001dc4f800 JavaThread "http-nio-8081-Acceptor" daemon [_thread_in_native, id=13788, stack(0x0000000020120000,0x0000000020220000)]
  0x000000001dc4b000 JavaThread "http-nio-8081-ClientPoller" daemon [_thread_in_native, id=27328, stack(0x0000000020020000,0x0000000020120000)]
  0x000000001dc4d000 JavaThread "http-nio-8081-exec-10" daemon [_thread_blocked, id=7256, stack(0x000000001ff20000,0x0000000020020000)]
  0x000000001dc48000 JavaThread "http-nio-8081-exec-9" daemon [_thread_blocked, id=39272, stack(0x000000001fe20000,0x000000001ff20000)]
  0x000000001dc4a000 JavaThread "http-nio-8081-exec-8" daemon [_thread_blocked, id=32272, stack(0x000000001fd20000,0x000000001fe20000)]
  0x000000001dc49800 JavaThread "http-nio-8081-exec-7" daemon [_thread_blocked, id=13492, stack(0x000000001fc20000,0x000000001fd20000)]
  0x000000001dc4f000 JavaThread "http-nio-8081-exec-6" daemon [_thread_blocked, id=32040, stack(0x000000001fb20000,0x000000001fc20000)]
  0x000000001dd8a800 JavaThread "http-nio-8081-exec-5" daemon [_thread_blocked, id=6048, stack(0x000000001fa20000,0x000000001fb20000)]
  0x000000001dd8f800 JavaThread "http-nio-8081-exec-4" daemon [_thread_blocked, id=38020, stack(0x000000001f920000,0x000000001fa20000)]
  0x000000001dd8f000 JavaThread "http-nio-8081-exec-3" daemon [_thread_blocked, id=17540, stack(0x000000001f820000,0x000000001f920000)]
  0x000000001dd8e000 JavaThread "http-nio-8081-exec-2" daemon [_thread_blocked, id=4152, stack(0x000000001f720000,0x000000001f820000)]
  0x000000001dd8c800 JavaThread "http-nio-8081-exec-1" daemon [_thread_blocked, id=5672, stack(0x000000001f620000,0x000000001f720000)]
  0x000000001dd89000 JavaThread "http-nio-8081-BlockPoller" daemon [_thread_in_native, id=37748, stack(0x000000001f520000,0x000000001f620000)]
  0x000000001dd8c000 JavaThread "mysql-cj-abandoned-connection-cleanup" daemon [_thread_blocked, id=33708, stack(0x000000001f120000,0x000000001f220000)]
  0x000000001dd8d800 JavaThread "container-0" [_thread_blocked, id=15316, stack(0x000000001ef20000,0x000000001f020000)]
  0x000000001dd8b000 JavaThread "Catalina-utility-2" [_thread_blocked, id=38884, stack(0x000000001ee20000,0x000000001ef20000)]
  0x000000001dd89800 JavaThread "Catalina-utility-1" [_thread_blocked, id=26184, stack(0x000000001ed20000,0x000000001ee20000)]
  0x000000001bccd000 JavaThread "RMI Scheduler(0)" daemon [_thread_blocked, id=9456, stack(0x000000001c950000,0x000000001ca50000)]
  0x000000001bb03800 JavaThread "RMI TCP Accept-0" daemon [_thread_in_native, id=12000, stack(0x000000001c3b0000,0x000000001c4b0000)]
  0x000000001bafc000 JavaThread "RMI TCP Accept-57956" daemon [_thread_in_native, id=16956, stack(0x000000001c2b0000,0x000000001c3b0000)]
  0x000000001baed000 JavaThread "RMI TCP Accept-0" daemon [_thread_in_native, id=20236, stack(0x000000001c1b0000,0x000000001c2b0000)]
  0x000000001af3c800 JavaThread "Service Thread" daemon [_thread_blocked, id=24684, stack(0x000000001b620000,0x000000001b720000)]
=>0x000000001aea0000 JavaThread "C1 CompilerThread2" daemon [_thread_in_native, id=7264, stack(0x000000001b520000,0x000000001b620000)]
  0x000000001ae9e000 JavaThread "C2 CompilerThread1" daemon [_thread_blocked, id=28488, stack(0x000000001b420000,0x000000001b520000)]
  0x000000001ae9d000 JavaThread "C2 CompilerThread0" daemon [_thread_blocked, id=32956, stack(0x000000001b320000,0x000000001b420000)]
  0x000000001ae9c800 JavaThread "Monitor Ctrl-Break" daemon [_thread_in_native, id=20372, stack(0x000000001b220000,0x000000001b320000)]
  0x00000000198e8000 JavaThread "Attach Listener" daemon [_thread_blocked, id=11648, stack(0x000000001b120000,0x000000001b220000)]
  0x000000001ac63800 JavaThread "Signal Dispatcher" daemon [_thread_blocked, id=26924, stack(0x000000001b020000,0x000000001b120000)]
  0x00000000198ab000 JavaThread "Finalizer" daemon [_thread_blocked, id=21328, stack(0x000000001ab20000,0x000000001ac20000)]
  0x00000000198aa000 JavaThread "Reference Handler" daemon [_thread_blocked, id=13444, stack(0x000000001aa20000,0x000000001ab20000)]

Other Threads:
  0x0000000019886800 VMThread [stack: 0x000000001a920000,0x000000001aa20000] [id=29020]
  0x000000001bb06800 WatcherThread [stack: 0x000000001c4b0000,0x000000001c5b0000] [id=16836]

VM state:not at safepoint (normal execution)

VM Mutex/Monitor currently owned by a thread: None

heap address: 0x0000000081400000, size: 2028 MB, Compressed Oops mode: 32-bit
Narrow klass base: 0x0000000000000000, Narrow klass shift: 3
Compressed class space size: 1073741824 Address: 0x0000000100000000

Heap:
 PSYoungGen      total 119296K, used 21294K [0x00000000d5c00000, 0x00000000de700000, 0x0000000100000000)
  eden space 109056K, 10% used [0x00000000d5c00000,0x00000000d66f8010,0x00000000dc680000)
  from space 10240K, 98% used [0x00000000ddd00000,0x00000000de6d3ab8,0x00000000de700000)
  to   space 12288K, 0% used [0x00000000dcf00000,0x00000000dcf00000,0x00000000ddb00000)
 ParOldGen       total 82432K, used 14202K [0x0000000081400000, 0x0000000086480000, 0x00000000d5c00000)
  object space 82432K, 17% used [0x0000000081400000,0x00000000821dea60,0x0000000086480000)
 Metaspace       used 41601K, capacity 43540K, committed 43776K, reserved 1087488K
  class space    used 5471K, capacity 5833K, committed 5888K, reserved 1048576K

Card table byte_map: [0x0000000014110000,0x0000000014510000] byte_map_base: 0x0000000013d06000

Marking Bits: (ParMarkBitMap*) 0x0000000051834ce0
 Begin Bits: [0x0000000014bc0000, 0x0000000016b70000)
 End Bits:   [0x0000000016b70000, 0x0000000018b20000)

Polling page: 0x00000000005d0000

CodeCache: size=245760Kb used=9273Kb max_used=9273Kb free=236486Kb
 bounds [0x0000000004d50000, 0x0000000005670000, 0x0000000013d50000]
 total_blobs=5200 nmethods=4672 adapters=439
 compilation: enabled

Compilation events (10 events):
Event: 803.885 Thread 0x000000001aea0000 nmethod 4760 0x000000000565f7d0 code [0x000000000565f920, 0x000000000565fa68]
Event: 803.885 Thread 0x000000001aea0000 4759       1       org.apache.ibatis.cache.CacheKey::hashCode (5 bytes)
Event: 803.885 Thread 0x000000001aea0000 nmethod 4759 0x000000000565fad0 code [0x000000000565fc20, 0x000000000565fd30]
Event: 803.886 Thread 0x000000001aea0000 4761       1       org.springframework.beans.factory.config.BeanExpressionContext::hashCode (8 bytes)
Event: 803.886 Thread 0x000000001aea0000 nmethod 4761 0x000000000565fd90 code [0x000000000565fee0, 0x0000000005660028]
Event: 803.951 Thread 0x000000001aea0000 4762       1       org.apache.ibatis.executor.resultset.ResultSetWrapper::getMapKey (28 bytes)
Event: 803.951 Thread 0x000000001aea0000 nmethod 4762 0x0000000005660090 code [0x0000000005660220, 0x0000000005660518]
Event: 803.952 Thread 0x000000001aea0000 4763       1       com.fasterxml.jackson.databind.SerializerProvider::isEnabled (9 bytes)
Event: 803.952 Thread 0x000000001aea0000 nmethod 4763 0x0000000005660710 code [0x0000000005660860, 0x0000000005660990]
Event: 803.952 Thread 0x000000001aea0000 4764       1       java.text.SimpleDateFormat::subFormat (1260 bytes)

GC Heap History (10 events):
Event: 7.420 GC heap before
{Heap before GC invocations=8 (full 1):
 PSYoungGen      total 61440K, used 59418K [0x00000000d5c00000, 0x00000000da180000, 0x0000000100000000)
  eden space 53760K, 100% used [0x00000000d5c00000,0x00000000d9080000,0x00000000d9080000)
  from space 7680K, 73% used [0x00000000d9a00000,0x00000000d9f86920,0x00000000da180000)
  to   space 8704K, 0% used [0x00000000d9080000,0x00000000d9080000,0x00000000d9900000)
 ParOldGen       total 55296K, used 7264K [0x0000000081400000, 0x0000000084a00000, 0x00000000d5c00000)
  object space 55296K, 13% used [0x0000000081400000,0x0000000081b183b0,0x0000000084a00000)
 Metaspace       used 28548K, capacity 29830K, committed 30080K, reserved 1075200K
  class space    used 3841K, capacity 4115K, committed 4224K, reserved 1048576K
Event: 7.429 GC heap after
Heap after GC invocations=8 (full 1):
 PSYoungGen      total 62464K, used 8639K [0x00000000d5c00000, 0x00000000dc300000, 0x0000000100000000)
  eden space 53760K, 0% used [0x00000000d5c00000,0x00000000d5c00000,0x00000000d9080000)
  from space 8704K, 99% used [0x00000000d9080000,0x00000000d98efc50,0x00000000d9900000)
  to   space 9728K, 0% used [0x00000000db980000,0x00000000db980000,0x00000000dc300000)
 ParOldGen       total 55296K, used 7272K [0x0000000081400000, 0x0000000084a00000, 0x00000000d5c00000)
  object space 55296K, 13% used [0x0000000081400000,0x0000000081b1a3b0,0x0000000084a00000)
 Metaspace       used 28548K, capacity 29830K, committed 30080K, reserved 1075200K
  class space    used 3841K, capacity 4115K, committed 4224K, reserved 1048576K
}
Event: 8.513 GC heap before
{Heap before GC invocations=9 (full 1):
 PSYoungGen      total 62464K, used 62399K [0x00000000d5c00000, 0x00000000dc300000, 0x0000000100000000)
  eden space 53760K, 100% used [0x00000000d5c00000,0x00000000d9080000,0x00000000d9080000)
  from space 8704K, 99% used [0x00000000d9080000,0x00000000d98efc50,0x00000000d9900000)
  to   space 9728K, 0% used [0x00000000db980000,0x00000000db980000,0x00000000dc300000)
 ParOldGen       total 55296K, used 7272K [0x0000000081400000, 0x0000000084a00000, 0x00000000d5c00000)
  object space 55296K, 13% used [0x0000000081400000,0x0000000081b1a3b0,0x0000000084a00000)
 Metaspace       used 32863K, capacity 34444K, committed 34560K, reserved 1079296K
  class space    used 4441K, capacity 4760K, committed 4864K, reserved 1048576K
Event: 8.524 GC heap after
Heap after GC invocations=9 (full 1):
 PSYoungGen      total 93696K, used 9719K [0x00000000d5c00000, 0x00000000dc780000, 0x0000000100000000)
  eden space 83968K, 0% used [0x00000000d5c00000,0x00000000d5c00000,0x00000000dae00000)
  from space 9728K, 99% used [0x00000000db980000,0x00000000dc2fdd68,0x00000000dc300000)
  to   space 11776K, 0% used [0x00000000dae00000,0x00000000dae00000,0x00000000db980000)
 ParOldGen       total 55296K, used 8983K [0x0000000081400000, 0x0000000084a00000, 0x00000000d5c00000)
  object space 55296K, 16% used [0x0000000081400000,0x0000000081cc5fc8,0x0000000084a00000)
 Metaspace       used 32863K, capacity 34444K, committed 34560K, reserved 1079296K
  class space    used 4441K, capacity 4760K, committed 4864K, reserved 1048576K
}
Event: 8.768 GC heap before
{Heap before GC invocations=10 (full 1):
 PSYoungGen      total 93696K, used 31474K [0x00000000d5c00000, 0x00000000dc780000, 0x0000000100000000)
  eden space 83968K, 25% used [0x00000000d5c00000,0x00000000d713ecc8,0x00000000dae00000)
  from space 9728K, 99% used [0x00000000db980000,0x00000000dc2fdd68,0x00000000dc300000)
  to   space 11776K, 0% used [0x00000000dae00000,0x00000000dae00000,0x00000000db980000)
 ParOldGen       total 55296K, used 8983K [0x0000000081400000, 0x0000000084a00000, 0x00000000d5c00000)
  object space 55296K, 16% used [0x0000000081400000,0x0000000081cc5fc8,0x0000000084a00000)
 Metaspace       used 33695K, capacity 35306K, committed 35456K, reserved 1079296K
  class space    used 4565K, capacity 4866K, committed 4992K, reserved 1048576K
Event: 8.778 GC heap after
Heap after GC invocations=10 (full 1):
 PSYoungGen      total 95744K, used 6964K [0x00000000d5c00000, 0x00000000de800000, 0x0000000100000000)
  eden space 83968K, 0% used [0x00000000d5c00000,0x00000000d5c00000,0x00000000dae00000)
  from space 11776K, 59% used [0x00000000dae00000,0x00000000db4cd088,0x00000000db980000)
  to   space 11264K, 0% used [0x00000000ddd00000,0x00000000ddd00000,0x00000000de800000)
 ParOldGen       total 55296K, used 11734K [0x0000000081400000, 0x0000000084a00000, 0x00000000d5c00000)
  object space 55296K, 21% used [0x0000000081400000,0x0000000081f75858,0x0000000084a00000)
 Metaspace       used 33695K, capacity 35306K, committed 35456K, reserved 1079296K
  class space    used 4565K, capacity 4866K, committed 4992K, reserved 1048576K
}
Event: 8.778 GC heap before
{Heap before GC invocations=11 (full 2):
 PSYoungGen      total 95744K, used 6964K [0x00000000d5c00000, 0x00000000de800000, 0x0000000100000000)
  eden space 83968K, 0% used [0x00000000d5c00000,0x00000000d5c00000,0x00000000dae00000)
  from space 11776K, 59% used [0x00000000dae00000,0x00000000db4cd088,0x00000000db980000)
  to   space 11264K, 0% used [0x00000000ddd00000,0x00000000ddd00000,0x00000000de800000)
 ParOldGen       total 55296K, used 11734K [0x0000000081400000, 0x0000000084a00000, 0x00000000d5c00000)
  object space 55296K, 21% used [0x0000000081400000,0x0000000081f75858,0x0000000084a00000)
 Metaspace       used 33695K, capacity 35306K, committed 35456K, reserved 1079296K
  class space    used 4565K, capacity 4866K, committed 4992K, reserved 1048576K
Event: 8.856 GC heap after
Heap after GC invocations=11 (full 2):
 PSYoungGen      total 95744K, used 0K [0x00000000d5c00000, 0x00000000de800000, 0x0000000100000000)
  eden space 83968K, 0% used [0x00000000d5c00000,0x00000000d5c00000,0x00000000dae00000)
  from space 11776K, 0% used [0x00000000dae00000,0x00000000dae00000,0x00000000db980000)
  to   space 11264K, 0% used [0x00000000ddd00000,0x00000000ddd00000,0x00000000de800000)
 ParOldGen       total 82432K, used 14186K [0x0000000081400000, 0x0000000086480000, 0x00000000d5c00000)
  object space 82432K, 17% used [0x0000000081400000,0x00000000821daa60,0x0000000086480000)
 Metaspace       used 33695K, capacity 35306K, committed 35456K, reserved 1079296K
  class space    used 4565K, capacity 4866K, committed 4992K, reserved 1048576K
}
Event: 62.443 GC heap before
{Heap before GC invocations=12 (full 2):
 PSYoungGen      total 95744K, used 83967K [0x00000000d5c00000, 0x00000000de800000, 0x0000000100000000)
  eden space 83968K, 99% used [0x00000000d5c00000,0x00000000dadffdb0,0x00000000dae00000)
  from space 11776K, 0% used [0x00000000dae00000,0x00000000dae00000,0x00000000db980000)
  to   space 11264K, 0% used [0x00000000ddd00000,0x00000000ddd00000,0x00000000de800000)
 ParOldGen       total 82432K, used 14186K [0x0000000081400000, 0x0000000086480000, 0x00000000d5c00000)
  object space 82432K, 17% used [0x0000000081400000,0x00000000821daa60,0x0000000086480000)
 Metaspace       used 41277K, capacity 43198K, committed 43520K, reserved 1087488K
  class space    used 5441K, capacity 5792K, committed 5888K, reserved 1048576K
Event: 62.454 GC heap after
Heap after GC invocations=12 (full 2):
 PSYoungGen      total 119296K, used 10062K [0x00000000d5c00000, 0x00000000de700000, 0x0000000100000000)
  eden space 109056K, 0% used [0x00000000d5c00000,0x00000000d5c00000,0x00000000dc680000)
  from space 10240K, 98% used [0x00000000ddd00000,0x00000000de6d3ab8,0x00000000de700000)
  to   space 12288K, 0% used [0x00000000dcf00000,0x00000000dcf00000,0x00000000ddb00000)
 ParOldGen       total 82432K, used 14202K [0x0000000081400000, 0x0000000086480000, 0x00000000d5c00000)
  object space 82432K, 17% used [0x0000000081400000,0x00000000821dea60,0x0000000086480000)
 Metaspace       used 41277K, capacity 43198K, committed 43520K, reserved 1087488K
  class space    used 5441K, capacity 5792K, committed 5888K, reserved 1048576K
}

Deoptimization events (0 events):
No events

Classes redefined (0 events):
No events

Internal exceptions (10 events):
Event: 58.830 Thread 0x000000001dd8a800 Exception <a 'java/lang/ArrayIndexOutOfBoundsException'> (0x00000000d9df9468) thrown at [C:\re\workspace\8-2-build-windows-amd64-cygwin\jdk8u201\12322\hotspot\src\share\vm\runtime\sharedRuntime.cpp, line 605]
Event: 58.834 Thread 0x000000001dd8a800 Exception <a 'java/lang/ArrayIndexOutOfBoundsException'> (0x00000000d9fe8450) thrown at [C:\re\workspace\8-2-build-windows-amd64-cygwin\jdk8u201\12322\hotspot\src\share\vm\runtime\sharedRuntime.cpp, line 605]
Event: 58.835 Thread 0x000000001dd8e000 Exception <a 'java/lang/ArrayIndexOutOfBoundsException'> (0x00000000d9e359c8) thrown at [C:\re\workspace\8-2-build-windows-amd64-cygwin\jdk8u201\12322\hotspot\src\share\vm\runtime\sharedRuntime.cpp, line 605]
Event: 58.835 Thread 0x000000001dd8a800 Exception <a 'java/lang/ArrayIndexOutOfBoundsException'> (0x00000000d9fecd28) thrown at [C:\re\workspace\8-2-build-windows-amd64-cygwin\jdk8u201\12322\hotspot\src\share\vm\runtime\sharedRuntime.cpp, line 605]
Event: 58.835 Thread 0x000000001dd8f000 Exception <a 'java/lang/ArrayIndexOutOfBoundsException'> (0x00000000d9d496b0) thrown at [C:\re\workspace\8-2-build-windows-amd64-cygwin\jdk8u201\12322\hotspot\src\share\vm\runtime\sharedRuntime.cpp, line 605]
Event: 62.339 Thread 0x000000001dc49800 Exception <a 'java/lang/ArrayIndexOutOfBoundsException'> (0x00000000dab75178) thrown at [C:\re\workspace\8-2-build-windows-amd64-cygwin\jdk8u201\12322\hotspot\src\share\vm\runtime\sharedRuntime.cpp, line 605]
Event: 62.340 Thread 0x000000001dc4f000 Exception <a 'java/lang/ArrayIndexOutOfBoundsException'> (0x00000000dab46650) thrown at [C:\re\workspace\8-2-build-windows-amd64-cygwin\jdk8u201\12322\hotspot\src\share\vm\runtime\sharedRuntime.cpp, line 605]
Event: 62.554 Thread 0x000000001dc49800 Exception <a 'java/lang/ArrayIndexOutOfBoundsException'> (0x00000000d5de7328) thrown at [C:\re\workspace\8-2-build-windows-amd64-cygwin\jdk8u201\12322\hotspot\src\share\vm\runtime\sharedRuntime.cpp, line 605]
Event: 62.554 Thread 0x000000001dc49800 Exception <a 'java/lang/ArrayIndexOutOfBoundsException'> (0x00000000d5de9900) thrown at [C:\re\workspace\8-2-build-windows-amd64-cygwin\jdk8u201\12322\hotspot\src\share\vm\runtime\sharedRuntime.cpp, line 605]
Event: 62.554 Thread 0x000000001dc49800 Exception <a 'java/lang/ArrayIndexOutOfBoundsException'> (0x00000000d5deb760) thrown at [C:\re\workspace\8-2-build-windows-amd64-cygwin\jdk8u201\12322\hotspot\src\share\vm\runtime\sharedRuntime.cpp, line 605]

Events (10 events):
Event: 600.362 Executing VM operation: RevokeBias
Event: 600.362 Executing VM operation: RevokeBias done
Event: 600.364 Executing VM operation: RevokeBias
Event: 600.366 Executing VM operation: RevokeBias done
Event: 600.371 Executing VM operation: RevokeBias
Event: 600.371 Executing VM operation: RevokeBias done
Event: 600.371 Executing VM operation: RevokeBias
Event: 600.371 Executing VM operation: RevokeBias done
Event: 602.136 Executing VM operation: BulkRevokeBias
Event: 602.136 Executing VM operation: BulkRevokeBias done


Dynamic libraries:
0x00007ff7bd8e0000 - 0x00007ff7bd917000 	C:\Program Files\Java\jdk1.8.0_201\bin\java.exe
0x00007ff88a9b0000 - 0x00007ff88ab90000 	C:\Windows\SYSTEM32\ntdll.dll
0x00007ff88a420000 - 0x00007ff88a4ce000 	C:\Windows\System32\KERNEL32.DLL
0x00007ff887120000 - 0x00007ff887386000 	C:\Windows\System32\KERNELBASE.dll
0x00007ff88a8c0000 - 0x00007ff88a961000 	C:\Windows\System32\ADVAPI32.dll
0x00007ff8888d0000 - 0x00007ff88896d000 	C:\Windows\System32\msvcrt.dll
0x00007ff888ee0000 - 0x00007ff888f3b000 	C:\Windows\System32\sechost.dll
0x00007ff888980000 - 0x00007ff888a9f000 	C:\Windows\System32\RPCRT4.dll
0x00007ff888b90000 - 0x00007ff888d1f000 	C:\Windows\System32\USER32.dll
0x00007ff887ae0000 - 0x00007ff887b00000 	C:\Windows\System32\win32u.dll
0x00007ff888d40000 - 0x00007ff888d68000 	C:\Windows\System32\GDI32.dll
0x00007ff886e00000 - 0x00007ff886f93000 	C:\Windows\System32\gdi32full.dll
0x00007ff887d30000 - 0x00007ff887dcb000 	C:\Windows\System32\msvcp_win.dll
0x00007ff886fa0000 - 0x00007ff887095000 	C:\Windows\System32\ucrtbase.dll
0x00007ff87da00000 - 0x00007ff87dc69000 	C:\Windows\WinSxS\amd64_microsoft.windows.common-controls_6595b64144ccf1df_6.0.16299.936_none_15ccdede93610ee9\COMCTL32.dll
0x00007ff887fd0000 - 0x00007ff8882d6000 	C:\Windows\System32\combase.dll
0x00007ff8870a0000 - 0x00007ff887112000 	C:\Windows\System32\bcryptPrimitives.dll
0x00007ff888730000 - 0x00007ff88875d000 	C:\Windows\System32\IMM32.DLL
0x0000000053800000 - 0x00000000538d1000 	C:\Program Files\Java\jdk1.8.0_201\jre\bin\msvcr100.dll
0x0000000051010000 - 0x00000000518b4000 	C:\Program Files\Java\jdk1.8.0_201\jre\bin\server\jvm.dll
0x00007ff888970000 - 0x00007ff888978000 	C:\Windows\System32\PSAPI.DLL
0x00007ff882110000 - 0x00007ff882119000 	C:\Windows\SYSTEM32\WSOCK32.dll
0x00007ff884c90000 - 0x00007ff884cb3000 	C:\Windows\SYSTEM32\WINMM.dll
0x00007ff879e90000 - 0x00007ff879e9a000 	C:\Windows\SYSTEM32\VERSION.dll
0x00007ff888b20000 - 0x00007ff888b8c000 	C:\Windows\System32\WS2_32.dll
0x00007ff884c30000 - 0x00007ff884c5a000 	C:\Windows\SYSTEM32\WINMMBASE.dll
0x00007ff886db0000 - 0x00007ff886dfa000 	C:\Windows\System32\cfgmgr32.dll
0x00007ff884be0000 - 0x00007ff884bef000 	C:\Program Files\Java\jdk1.8.0_201\jre\bin\verify.dll
0x00007ff87a780000 - 0x00007ff87a7a9000 	C:\Program Files\Java\jdk1.8.0_201\jre\bin\java.dll
0x00007ff87a750000 - 0x00007ff87a773000 	C:\Program Files\Java\jdk1.8.0_201\jre\bin\instrument.dll
0x00007ff87a730000 - 0x00007ff87a746000 	C:\Program Files\Java\jdk1.8.0_201\jre\bin\zip.dll
0x00007ff888f40000 - 0x00007ff88a378000 	C:\Windows\System32\SHELL32.dll
0x00007ff888820000 - 0x00007ff8888c6000 	C:\Windows\System32\shcore.dll
0x00007ff887390000 - 0x00007ff887ad7000 	C:\Windows\System32\windows.storage.dll
0x00007ff8887c0000 - 0x00007ff888811000 	C:\Windows\System32\shlwapi.dll
0x00007ff886d20000 - 0x00007ff886d31000 	C:\Windows\System32\kernel.appcore.dll
0x00007ff886d40000 - 0x00007ff886d8c000 	C:\Windows\System32\powrprof.dll
0x00007ff886d00000 - 0x00007ff886d1b000 	C:\Windows\System32\profapi.dll
0x00007ff87a710000 - 0x00007ff87a72a000 	C:\Program Files\JetBrains\IntelliJ IDEA 2018.1.6\bin\breakgen64.dll
0x00007ff87a6f0000 - 0x00007ff87a70a000 	C:\Program Files\Java\jdk1.8.0_201\jre\bin\net.dll
0x00007ff87d6b0000 - 0x00007ff87d879000 	C:\Windows\SYSTEM32\urlmon.dll
0x00007ff888d20000 - 0x00007ff888d3d000 	C:\Windows\System32\imagehlp.dll
0x00007ff87dc70000 - 0x00007ff87df0f000 	C:\Windows\SYSTEM32\iertutil.dll
0x00007ff886720000 - 0x00007ff88672b000 	C:\Windows\SYSTEM32\CRYPTBASE.DLL
0x00007ff879f60000 - 0x00007ff87a054000 	C:\Users\Administrator\AppData\Roaming\Netease\UU\uu_lsp64.dll
0x00007ff887b60000 - 0x00007ff887d2e000 	C:\Windows\System32\CRYPT32.dll
0x00007ff886d90000 - 0x00007ff886da2000 	C:\Windows\System32\MSASN1.dll
0x00007ff8862f0000 - 0x00007ff886329000 	C:\Windows\SYSTEM32\IPHLPAPI.DLL
0x00007ff886560000 - 0x00007ff8865c6000 	C:\Windows\system32\mswsock.dll
0x00007ff87be00000 - 0x00007ff87be0a000 	C:\Windows\system32\wshqos.dll
0x00007ff87bdf0000 - 0x00007ff87bdf8000 	C:\Windows\SYSTEM32\wshtcpip.DLL
0x00007ff87bde0000 - 0x00007ff87bde8000 	C:\Windows\SYSTEM32\wship6.dll
0x00007ff87a6e0000 - 0x00007ff87a6ed000 	C:\Program Files\Java\jdk1.8.0_201\jre\bin\management.dll
0x00007ff8745b0000 - 0x00007ff8745c1000 	C:\Program Files\Java\jdk1.8.0_201\jre\bin\nio.dll
0x00007ff877870000 - 0x00007ff877886000 	C:\Windows\system32\napinsp.dll
0x00007ff877850000 - 0x00007ff87786a000 	C:\Windows\system32\pnrpnsp.dll
0x00007ff8838f0000 - 0x00007ff883908000 	C:\Windows\system32\NLAapi.dll
0x00007ff886340000 - 0x00007ff8863f6000 	C:\Windows\SYSTEM32\DNSAPI.dll
0x00007ff88a970000 - 0x00007ff88a978000 	C:\Windows\System32\NSI.dll
0x00007ff878f70000 - 0x00007ff878f7e000 	C:\Windows\System32\winrnr.dll
0x00007ff877830000 - 0x00007ff877845000 	C:\Windows\System32\wshbth.dll
0x00007ff878f40000 - 0x00007ff878f4a000 	C:\Windows\System32\rasadhlp.dll
0x00007ff87b5d0000 - 0x00007ff87b640000 	C:\Windows\System32\fwpuclnt.dll
0x00007ff886830000 - 0x00007ff886855000 	C:\Windows\SYSTEM32\bcrypt.dll
0x00007ff886730000 - 0x00007ff886747000 	C:\Windows\SYSTEM32\CRYPTSP.dll
0x00007ff886160000 - 0x00007ff886193000 	C:\Windows\system32\rsaenh.dll
0x00007ff886c00000 - 0x00007ff886c29000 	C:\Windows\SYSTEM32\USERENV.dll
0x00007ff87c1d0000 - 0x00007ff87c1e6000 	C:\Windows\SYSTEM32\dhcpcsvc6.DLL
0x00007ff87c1b0000 - 0x00007ff87c1ca000 	C:\Windows\SYSTEM32\dhcpcsvc.DLL
0x00007ff872370000 - 0x00007ff872394000 	C:\Program Files\Java\jdk1.8.0_201\jre\bin\sunec.dll
0x00007ff87a6d0000 - 0x00007ff87a6db000 	C:\Program Files\Java\jdk1.8.0_201\jre\bin\sunmscapi.dll
0x00007ff8764f0000 - 0x00007ff8766b8000 	C:\Windows\SYSTEM32\dbghelp.dll

VM Arguments:
jvm_args: -XX:TieredStopAtLevel=1 -Xverify:none -Dspring.output.ansi.enabled=always -Dcom.sun.management.jmxremote -Dcom.sun.management.jmxremote.port=57956 -Dcom.sun.management.jmxremote.authenticate=false -Dcom.sun.management.jmxremote.ssl=false -Djava.rmi.server.hostname=localhost -Dspring.liveBeansView.mbeanDomain -Dspring.application.admin.enabled=true -javaagent:C:\Program Files\JetBrains\IntelliJ IDEA 2018.1.6\lib\idea_rt.jar=57957:C:\Program Files\JetBrains\IntelliJ IDEA 2018.1.6\bin -Dfile.encoding=UTF-8 
java_command: com.example.demo.DemoApplication
java_class_path (initial): C:\Program Files\Java\jdk1.8.0_201\jre\lib\charsets.jar;C:\Program Files\Java\jdk1.8.0_201\jre\lib\deploy.jar;C:\Program Files\Java\jdk1.8.0_201\jre\lib\ext\access-bridge-64.jar;C:\Program Files\Java\jdk1.8.0_201\jre\lib\ext\cldrdata.jar;C:\Program Files\Java\jdk1.8.0_201\jre\lib\ext\dnsns.jar;C:\Program Files\Java\jdk1.8.0_201\jre\lib\ext\jaccess.jar;C:\Program Files\Java\jdk1.8.0_201\jre\lib\ext\jfxrt.jar;C:\Program Files\Java\jdk1.8.0_201\jre\lib\ext\localedata.jar;C:\Program Files\Java\jdk1.8.0_201\jre\lib\ext\nashorn.jar;C:\Program Files\Java\jdk1.8.0_201\jre\lib\ext\sunec.jar;C:\Program Files\Java\jdk1.8.0_201\jre\lib\ext\sunjce_provider.jar;C:\Program Files\Java\jdk1.8.0_201\jre\lib\ext\sunmscapi.jar;C:\Program Files\Java\jdk1.8.0_201\jre\lib\ext\sunpkcs11.jar;C:\Program Files\Java\jdk1.8.0_201\jre\lib\ext\zipfs.jar;C:\Program Files\Java\jdk1.8.0_201\jre\lib\javaws.jar;C:\Program Files\Java\jdk1.8.0_201\jre\lib\jce.jar;C:\Program Files\Java\jdk1.8.0_201\jre\lib\jfr.jar;C:\Program Files\Java\jdk1.8.0_201\jre\lib\jfxswt.jar;C:\Program Files\Java\jdk1.8.0_201\jre\lib\jsse.jar;C:\Program Files\Java\jdk1.8.0_201\jre\lib\management-agent.jar;C:\Program Files\Java\jdk1.8.0_201\jre\lib\plugin.jar;C:\Program Files\Java\jdk1.8.0_201\jre\lib\resources.jar;C:\Program Files\Java\jdk1.8.0_201\jre\lib\rt.jar;C:\Users\Administrator\IdeaProjects\saolei\target\classes;C:\Users\Administrator\.m2\repository\org\springframework\boot\spring-boot-starter-web\2.1.6.RELEASE\spring-boot-starter-web-2.1.6.RELEASE.jar;C:\Users\Administrator\.m2\repository\org\springframework\boot\spring-boot-starter\2.1.6.RELEASE\spring-boot-starter-2.1.6.RELEASE.jar;C:\Users\Administrator\.m2\repository\org\springframework\boot\spring-boot\2.1.6.RELEASE\spring-boot-2.1.6.RELEASE.jar;C:\Users\Administrator\.m2\repository\org\springframework\boot\spring-boot-autoconfigure\2.1.6.RELEASE\spring-boot-autoconfigure-2.1.6.RELEASE.jar;C:\Users\Administrator\.m2\repository\org\sprin
Launcher Type: SUN_STANDARD

Environment Variables:
PATH=C:\Program Files\Microsoft MPI\Bin\;C:\Program Files (x86)\Common Files\Oracle\Java\javapath;C:\Windows\system32;C:\Windows;C:\Windows\System32\Wbem;C:\Windows\System32\WindowsPowerShell\v1.0\;C:\Program Files (x86)\Microsoft SQL Server\100\Tools\Binn\;C:\Program Files\Microsoft SQL Server\100\Tools\Binn\;C:\Program Files\Microsoft SQL Server\100\DTS\Binn\;C:\Program Files\MySQL\MySQL Server 8.0\bin\;C:\Program Files\nodejs\;C:\Users\Administrator\AppData\Local\Microsoft\WindowsApps;C:\Users\Administrator\AppData\Roaming\npm
USERNAME=Administrator
OS=Windows_NT
PROCESSOR_IDENTIFIER=Intel64 Family 6 Model 61 Stepping 4, GenuineIntel



---------------  S Y S T E M  ---------------

OS: Windows 10.0 , 64 bit Build 16299 (10.0.16299.431)

CPU:total 4 (initial active 4) (2 cores per cpu, 2 threads per core) family 6 model 61 stepping 4, cmov, cx8, fxsr, mmx, sse, sse2, sse3, ssse3, sse4.1, sse4.2, popcnt, avx, avx2, aes, clmul, erms, 3dnowpref, lzcnt, ht, tsc, tscinvbit, bmi1, bmi2, adx

Memory: 4k page, physical 8300696k(3584868k free), swap 21370596k(6300032k free)

vm_info: Java HotSpot(TM) 64-Bit Server VM (25.201-b09) for windows-amd64 JRE (1.8.0_201-b09), built on Dec 15 2018 18:36:39 by "java_re" with MS VC++ 10.0 (VS2010)

time: Mon Jun 24 12:27:49 2019
timezone: 中国标准时间
elapsed time: 804 seconds (0d 0h 13m 24s)

